<?xml version="1.0" encoding="UTF-8"?>
<!-- Generated by org.testng.reporters.JUnitReportReporter -->
<testsuite skipped="0" hostname="DESKTOP-4ERO01U" name="com.mohs10.scripts.Html_Pdf" tests="1" failures="0" timestamp="2022-07-19T22:10:29 IST" time="9.674" errors="0">
  <testcase name="pdftest" time="9.674" classname="com.mohs10.scripts.Html_Pdf"/>
  <system-out/>
</testsuite> <!-- com.mohs10.scripts.Html_Pdf -->
