<?xml version="1.0" encoding="UTF-8"?>
<!-- Generated by org.testng.reporters.JUnitReportReporter -->
<testsuite skipped="0" hostname="DESKTOP-4ERO01U" name="com.mohs10.scripts.Autoit_test" tests="1" failures="0" timestamp="2022-06-21T15:06:45 IST" time="29.725" errors="0">
  <testcase name="uploadwordfile" time="29.725" classname="com.mohs10.scripts.Autoit_test"/>
  <system-out/>
</testsuite> <!-- com.mohs10.scripts.Autoit_test -->
